<?xml version="1.0" encoding="UTF-8"?>
<!-- Generated by org.testng.reporters.JUnitReportReporter -->
<testsuite skipped="0" hostname="Sadeks-MacBook-Pro.local" name="test.AmazonSearchTest" tests="3" failures="0" timestamp="09 Sep 2019 07:57:41 GMT" time="47.260" errors="0">
  <testcase name="amazonSearchForMusic" time="13.403" classname="test.AmazonSearchTest"/>
  <testcase name="amazonSearchForMovie" time="16.748" classname="test.AmazonSearchTest"/>
  <testcase name="amazonSearchForCD" time="17.109" classname="test.AmazonSearchTest"/>
</testsuite> <!-- test.AmazonSearchTest -->
