<?xml version="1.0" encoding="UTF-8"?>
<!-- Generated by org.testng.reporters.JUnitReportReporter -->
<testsuite skipped="0" hostname="Sadeks-MacBook-Pro.local" name="test.AmazonSearchTest" tests="3" failures="0" timestamp="16 Sep 2019 06:58:06 GMT" time="44.487" errors="0">
  <testcase name="amazonSearchForMovie" time="13.018" classname="test.AmazonSearchTest"/>
  <testcase name="amazonSearchForCD" time="16.766" classname="test.AmazonSearchTest"/>
  <testcase name="amazonSearchForMusic" time="14.703" classname="test.AmazonSearchTest"/>
</testsuite> <!-- test.AmazonSearchTest -->
