<?xml version="1.0" encoding="UTF-8"?>
<!-- Generated by org.testng.reporters.JUnitReportReporter -->
<testsuite skipped="1" hostname="Sadeks-MacBook-Pro.local" name="test.PriorityAndSkipTest" tests="2" failures="0" timestamp="22 Sep 2019 19:38:49 GMT" time="0.005" errors="0">
  <testcase name="test2" time="0.005" classname="test.PriorityAndSkipTest"/>
  <testcase name="dontRun" classname="test.PriorityAndSkipTest">
    <skipped/>
  </testcase> <!-- dontRun -->
</testsuite> <!-- test.PriorityAndSkipTest -->
