<?xml version="1.0" encoding="UTF-8"?>
<!-- Generated by org.testng.reporters.JUnitReportReporter -->
<testsuite skipped="0" hostname="Sadeks-MacBook-Pro.local" name="test.TryCatch" tests="1" failures="0" timestamp="22 Sep 2019 19:38:49 GMT" time="0.004" errors="0">
  <testcase name="tryCatchTest" time="0.004" classname="test.TryCatch"/>
</testsuite> <!-- test.TryCatch -->
