<?xml version="1.0" encoding="UTF-8"?>
<!-- Generated by org.testng.reporters.JUnitReportReporter -->
<testsuite skipped="0" hostname="Sadeks-MacBook-Pro.local" name="test.AmazonSearchTest" tests="3" failures="0" timestamp="22 Sep 2019 19:32:51 GMT" time="42.146" errors="0">
  <testcase name="amazonSearchForMusic" time="14.450" classname="test.AmazonSearchTest"/>
  <testcase name="amazonSearchForMovie" time="13.372" classname="test.AmazonSearchTest"/>
  <testcase name="amazonSearchForCD" time="14.324" classname="test.AmazonSearchTest"/>
</testsuite> <!-- test.AmazonSearchTest -->
