<?xml version="1.0" encoding="UTF-8"?>
<!-- Generated by org.testng.reporters.JUnitReportReporter -->
<testsuite skipped="0" hostname="Sadeks-MacBook-Pro.local" name="test.AmazonSearchTest" tests="3" failures="0" timestamp="09 Sep 2019 08:23:12 GMT" time="42.800" errors="0">
  <testcase name="amazonSearchForMusic" time="14.499" classname="test.AmazonSearchTest"/>
  <testcase name="amazonSearchForMovie" time="12.567" classname="test.AmazonSearchTest"/>
  <testcase name="amazonSearchForCD" time="15.734" classname="test.AmazonSearchTest"/>
</testsuite> <!-- test.AmazonSearchTest -->
