<?xml version="1.0" encoding="UTF-8"?>
<!-- Generated by org.testng.reporters.JUnitReportReporter -->
<testsuite skipped="0" hostname="Sadeks-MacBook-Pro.local" name="test.AmazonSearchTest" tests="3" failures="0" timestamp="18 Sep 2019 07:36:51 GMT" time="44.448" errors="0">
  <testcase name="amazonSearchForMusic" time="16.446" classname="test.AmazonSearchTest"/>
  <testcase name="amazonSearchForMovie" time="13.730" classname="test.AmazonSearchTest"/>
  <testcase name="amazonSearchForCD" time="14.272" classname="test.AmazonSearchTest"/>
</testsuite> <!-- test.AmazonSearchTest -->
