<?xml version="1.0" encoding="UTF-8"?>
<!-- Generated by org.testng.reporters.JUnitReportReporter -->
<testsuite skipped="0" hostname="Sadeks-MacBook-Pro.local" name="test.Annotation" tests="3" failures="0" timestamp="22 Sep 2019 19:38:49 GMT" time="0.011" errors="0">
  <testcase name="test2" time="0.002" classname="test.Annotation"/>
  <testcase name="test4" time="0.004" classname="test.Annotation"/>
  <testcase name="test3" time="0.005" classname="test.Annotation"/>
</testsuite> <!-- test.Annotation -->
